Figwheel: focusing on build-ids (dev)
[0mCompiling "resources/public/js/main.js" from ["src"]...
Compiling target/figwheel_temp/dev/figwheel/connect.cljs
Reading analysis cache for file:/home/tom/Code/om-tutorial/src/om_tutorial/core.cljs
[32mSuccessfully compiled "resources/public/js/main.js" in 0.123 seconds.[0m
notifying browser that file changed:  resources/public/js/goog/deps.js
notifying browser that file changed:  resources/public/js/cljs_deps.js
notifying browser that file changed:  /om_tutorial/core.js
[0mCompiling "resources/public/js/main.js" from ["src"]...
Compiling src/om_tutorial/core.cljs
[32mSuccessfully compiled "resources/public/js/main.js" in 0.181 seconds.[0m
notifying browser that file changed:  resources/public/js/cljs_deps.js
notifying browser that file changed:  /om_tutorial/core.js
[0mCompiling "resources/public/js/main.js" from ["src"]...
Compiling src/om_tutorial/core.cljs
[32mSuccessfully compiled "resources/public/js/main.js" in 0.169 seconds.[0m
notifying browser that file changed:  /om_tutorial/core.js
[0mCompiling "resources/public/js/main.js" from ["src"]...
Compiling src/om_tutorial/core.cljs
[32mSuccessfully compiled "resources/public/js/main.js" in 0.192 seconds.[0m
notifying browser that file changed:  /om_tutorial/core.js
[0mCompiling "resources/public/js/main.js" from ["src"]...
Compiling src/om_tutorial/core.cljs
[32mSuccessfully compiled "resources/public/js/main.js" in 0.156 seconds.[0m
notifying browser that file changed:  /om_tutorial/core.js
[0mCompiling "resources/public/js/main.js" from ["src"]...
Compiling src/om_tutorial/core.cljs
[32mSuccessfully compiled "resources/public/js/main.js" in 0.162 seconds.[0m
notifying browser that file changed:  /om_tutorial/core.js
[0mCompiling "resources/public/js/main.js" from ["src"]...
Compiling src/om_tutorial/core.cljs
[32mSuccessfully compiled "resources/public/js/main.js" in 0.185 seconds.[0m
notifying browser that file changed:  /om_tutorial/core.js
[0mCompiling "resources/public/js/main.js" from ["src"]...
Compiling src/om_tutorial/core.cljs
[32mSuccessfully compiled "resources/public/js/main.js" in 0.183 seconds.[0m
notifying browser that file changed:  /om_tutorial/core.js
[0mCompiling "resources/public/js/main.js" from ["src"]...
Compiling src/om_tutorial/core.cljs
[32mSuccessfully compiled "resources/public/js/main.js" in 0.163 seconds.[0m
notifying browser that file changed:  resources/public/js/cljs_deps.js
notifying browser that file changed:  /om_tutorial/core.js
[0mCompiling "resources/public/js/main.js" from ["src"]...
Compiling src/om_tutorial/core.cljs
[32mSuccessfully compiled "resources/public/js/main.js" in 0.194 seconds.[0m
notifying browser that file changed:  /om_tutorial/core.js
[0mCompiling "resources/public/js/main.js" from ["src"]...
Compiling src/om_tutorial/core.cljs
[32mSuccessfully compiled "resources/public/js/main.js" in 0.188 seconds.[0m
notifying browser that file changed:  resources/public/js/cljs_deps.js
notifying browser that file changed:  /om_tutorial/core.js
[0mCompiling "resources/public/js/main.js" from ["src"]...
Compiling src/om_tutorial/core.cljs
[32mSuccessfully compiled "resources/public/js/main.js" in 0.192 seconds.[0m
notifying browser that file changed:  /om_tutorial/core.js
[0mCompiling "resources/public/js/main.js" from ["src"]...
Compiling src/om_tutorial/core.cljs
[32mSuccessfully compiled "resources/public/js/main.js" in 0.183 seconds.[0m
notifying browser that file changed:  /om_tutorial/core.js
[0mCompiling "resources/public/js/main.js" from ["src"]...
Compiling src/om_tutorial/core.cljs
[32mSuccessfully compiled "resources/public/js/main.js" in 0.136 seconds.[0m
notifying browser that file changed:  /om_tutorial/core.js
[0mCompiling "resources/public/js/main.js" from ["src"]...
Compiling src/om_tutorial/core.cljs
[32mSuccessfully compiled "resources/public/js/main.js" in 0.178 seconds.[0m
notifying browser that file changed:  /om_tutorial/core.js
[0mCompiling "resources/public/js/main.js" from ["src"]...
Compiling src/om_tutorial/core.cljs
[32mSuccessfully compiled "resources/public/js/main.js" in 0.162 seconds.[0m
notifying browser that file changed:  /om_tutorial/core.js
[0mCompiling "resources/public/js/main.js" from ["src"]...
Compiling src/om_tutorial/core.cljs
[32mSuccessfully compiled "resources/public/js/main.js" in 0.136 seconds.[0m
notifying browser that file changed:  /om_tutorial/core.js
[0mCompiling "resources/public/js/main.js" from ["src"]...
Compiling src/om_tutorial/core.cljs
[32mSuccessfully compiled "resources/public/js/main.js" in 0.132 seconds.[0m
notifying browser that file changed:  /om_tutorial/core.js
[0mCompiling "resources/public/js/main.js" from ["src"]...
Compiling src/om_tutorial/core.cljs
[32mSuccessfully compiled "resources/public/js/main.js" in 0.192 seconds.[0m
notifying browser that file changed:  /om_tutorial/core.js
[0mCompiling "resources/public/js/main.js" from ["src"]...
Compiling src/om_tutorial/core.cljs
[32mSuccessfully compiled "resources/public/js/main.js" in 0.173 seconds.[0m
notifying browser that file changed:  /om_tutorial/core.js
[0mCompiling "resources/public/js/main.js" from ["src"]...
Compiling src/om_tutorial/core.cljs
[32mSuccessfully compiled "resources/public/js/main.js" in 0.202 seconds.[0m
notifying browser that file changed:  /om_tutorial/core.js
[0mCompiling "resources/public/js/main.js" from ["src"]...
Compiling src/om_tutorial/core.cljs
[32mSuccessfully compiled "resources/public/js/main.js" in 0.186 seconds.[0m
notifying browser that file changed:  /om_tutorial/core.js
[0mCompiling "resources/public/js/main.js" from ["src"]...
Compiling src/om_tutorial/core.cljs
[32mSuccessfully compiled "resources/public/js/main.js" in 0.198 seconds.[0m
notifying browser that file changed:  /om_tutorial/core.js
[0mCompiling "resources/public/js/main.js" from ["src"]...
Compiling src/om_tutorial/core.cljs
[32mSuccessfully compiled "resources/public/js/main.js" in 0.18 seconds.[0m
notifying browser that file changed:  resources/public/js/cljs_deps.js
notifying browser that file changed:  /om_tutorial/core.js
[0mCompiling "resources/public/js/main.js" from ["src"]...
Compiling src/om_tutorial/core.cljs
[32mSuccessfully compiled "resources/public/js/main.js" in 0.199 seconds.[0m
notifying browser that file changed:  resources/public/js/cljs_deps.js
notifying browser that file changed:  /om_tutorial/core.js
[0mCompiling "resources/public/js/main.js" from ["src"]...
Compiling src/om_tutorial/core.cljs
[32mSuccessfully compiled "resources/public/js/main.js" in 0.205 seconds.[0m
notifying browser that file changed:  /om_tutorial/core.js
[0mCompiling "resources/public/js/main.js" from ["src"]...
Compiling src/om_tutorial/core.cljs
[32mSuccessfully compiled "resources/public/js/main.js" in 0.194 seconds.[0m
notifying browser that file changed:  resources/public/js/cljs_deps.js
notifying browser that file changed:  /om_tutorial/core.js
[0mCompiling "resources/public/js/main.js" from ["src"]...
Compiling src/om_tutorial/core.cljs
[32mSuccessfully compiled "resources/public/js/main.js" in 0.157 seconds.[0m
notifying browser that file changed:  resources/public/js/cljs_deps.js
notifying browser that file changed:  /om_tutorial/core.js
[0mCompiling "resources/public/js/main.js" from ["src"]...
Compiling src/om_tutorial/core.cljs
[32mSuccessfully compiled "resources/public/js/main.js" in 0.142 seconds.[0m
notifying browser that file changed:  /om_tutorial/core.js
[0mCompiling "resources/public/js/main.js" from ["src"]...
Compiling src/om_tutorial/core.cljs
[32mSuccessfully compiled "resources/public/js/main.js" in 0.191 seconds.[0m
notifying browser that file changed:  /om_tutorial/core.js
[0mCompiling "resources/public/js/main.js" from ["src"]...
Compiling src/om_tutorial/core.cljs
[32mSuccessfully compiled "resources/public/js/main.js" in 0.202 seconds.[0m
notifying browser that file changed:  resources/public/js/cljs_deps.js
notifying browser that file changed:  /om_tutorial/core.js
[0mCompiling "resources/public/js/main.js" from ["src"]...
Compiling src/om_tutorial/core.cljs
[31mCompiling "resources/public/js/main.js" failed.[0m
clojure.lang.ExceptionInfo: failed compiling file:src/om_tutorial/core.cljs
 at clojure.core$ex_info.invoke (core.clj:4593)
    cljs.compiler$compile_file$fn__3157.invoke (compiler.cljc:1347)
    cljs.compiler$compile_file.invoke (compiler.cljc:1309)
    cljs.compiler$compile_root.invoke (compiler.cljc:1384)
    cljs.closure$compile_dir.invoke (closure.clj:446)
    cljs.closure$eval3601$fn__3602.invoke (closure.clj:486)
    cljs.closure$eval3553$fn__3554$G__3544__3561.invoke (closure.clj:391)
    cljs.closure$eval3614$fn__3615.invoke (closure.clj:500)
    cljs.closure$eval3553$fn__3554$G__3544__3561.invoke (closure.clj:391)
    clojurescript_build.core.CompilableSourcePaths/fn (core.clj:20)
    clojure.lang.PersistentVector.reduce (PersistentVector.java:333)
    clojure.core$reduce.invoke (core.clj:6518)
    clojurescript_build.core.CompilableSourcePaths._compile (core.clj:19)
    cljs.closure$build.invoke (closure.clj:1683)
    clojurescript_build.core$build_source_paths_STAR_.invoke (core.clj:160)
    figwheel_sidecar.auto_builder$default_build_options$fn__15811.invoke (auto_builder.clj:61)
    figwheel_sidecar.auto_builder$insert_figwheel_connect_script$fn__15857.invoke (auto_builder.clj:201)
    figwheel_sidecar.auto_builder$warning$fn__15808.invoke (auto_builder.clj:57)
    clojurescript_build.auto$time_build$fn__15611.invoke (auto.clj:56)
    clojurescript_build.auto$after$fn__15617.invoke (auto.clj:65)
    clojurescript_build.auto$after$fn__15617.invoke (auto.clj:65)
    clojurescript_build.auto$error$fn__15620.invoke (auto.clj:72)
    clojurescript_build.auto$before$fn__15614.invoke (auto.clj:61)
    clojurescript_build.auto$make_conditional_builder$fn__15632.invoke (auto.clj:104)
    clojure.core$mapv$fn__6727.invoke (core.clj:6616)
    clojure.lang.PersistentVector.reduce (PersistentVector.java:333)
    clojure.core$reduce.invoke (core.clj:6518)
    clojure.core$mapv.invoke (core.clj:6616)
    clojurescript_build.auto$autobuild_STAR_$fn__15718$state_machine__9556__auto____15719$fn__15724.invoke (auto.clj:187)
    clojurescript_build.auto$autobuild_STAR_$fn__15718$state_machine__9556__auto____15719.invoke (auto.clj:178)
[0mCompiling "resources/public/js/main.js" from ["src"]...
Compiling src/om_tutorial/core.cljs
[32mSuccessfully compiled "resources/public/js/main.js" in 0.163 seconds.[0m
notifying browser that file changed:  resources/public/js/cljs_deps.js
notifying browser that file changed:  /om_tutorial/core.js
[0mCompiling "resources/public/js/main.js" from ["src"]...
[32mSuccessfully compiled "resources/public/js/main.js" in 0.09 seconds.[0m
notifying browser that file changed:  /om_tutorial/core.js
[0mCompiling "resources/public/js/main.js" from ["src"]...
Compiling src/om_tutorial/core.cljs
[32mSuccessfully compiled "resources/public/js/main.js" in 0.266 seconds.[0m
notifying browser that file changed:  /om_tutorial/core.js
[0mCompiling "resources/public/js/main.js" from ["src"]...
Compiling src/om_tutorial/core.cljs
[32mSuccessfully compiled "resources/public/js/main.js" in 0.251 seconds.[0m
notifying browser that file changed:  /om_tutorial/core.js
[0mCompiling "resources/public/js/main.js" from ["src"]...
Compiling src/om_tutorial/core.cljs
[32mSuccessfully compiled "resources/public/js/main.js" in 0.221 seconds.[0m
notifying browser that file changed:  /om_tutorial/core.js
[0mCompiling "resources/public/js/main.js" from ["src"]...
Compiling src/om_tutorial/core.cljs
[32mSuccessfully compiled "resources/public/js/main.js" in 0.209 seconds.[0m
notifying browser that file changed:  /om_tutorial/core.js
[0mCompiling "resources/public/js/main.js" from ["src"]...
[32mSuccessfully compiled "resources/public/js/main.js" in 0.09 seconds.[0m
notifying browser that file changed:  /om_tutorial/core.js
[0mCompiling "resources/public/js/main.js" from ["src"]...
Compiling src/om_tutorial/core.cljs
[32mSuccessfully compiled "resources/public/js/main.js" in 0.26 seconds.[0m
notifying browser that file changed:  /om_tutorial/core.js
Figwheel: focusing on build-ids (dev)
[0mCompiling "resources/public/js/main.js" from ["src"]...
[32mSuccessfully compiled "resources/public/js/main.js" in 0.135 seconds.[0m
notifying browser that file changed:  resources/public/js/goog/deps.js
notifying browser that file changed:  resources/public/js/cljs_deps.js
notifying browser that file changed:  /om_tutorial/core.js
[0mCompiling "resources/public/js/main.js" from ["src"]...
Compiling src/om_tutorial/core.cljs
[32mSuccessfully compiled "resources/public/js/main.js" in 0.328 seconds.[0m
notifying browser that file changed:  /om_tutorial/core.js
[0mCompiling "resources/public/js/main.js" from ["src"]...
Compiling src/om_tutorial/core.cljs
[32mSuccessfully compiled "resources/public/js/main.js" in 0.268 seconds.[0m
notifying browser that file changed:  /om_tutorial/core.js
Figwheel: focusing on build-ids (dev)
[0mCompiling "resources/public/js/main.js" from ["src"]...
Compiling target/figwheel_temp/dev/figwheel/connect.cljs
[32mSuccessfully compiled "resources/public/js/main.js" in 0.116 seconds.[0m
notifying browser that file changed:  resources/public/js/goog/deps.js
notifying browser that file changed:  resources/public/js/cljs_deps.js
notifying browser that file changed:  /om_tutorial/core.js
Figwheel: focusing on build-ids (dev)
[0mCompiling "resources/public/js/main.js" from ["src"]...
Compiling target/figwheel_temp/dev/figwheel/connect.cljs
[32mSuccessfully compiled "resources/public/js/main.js" in 0.126 seconds.[0m
notifying browser that file changed:  resources/public/js/goog/deps.js
notifying browser that file changed:  resources/public/js/cljs_deps.js
notifying browser that file changed:  /om_tutorial/core.js
[0mCompiling "resources/public/js/main.js" from ["src"]...
Compiling src/om_tutorial/core.cljs
[32mSuccessfully compiled "resources/public/js/main.js" in 0.33 seconds.[0m
notifying browser that file changed:  /om_tutorial/core.js
[0mCompiling "resources/public/js/main.js" from ["src"]...
Compiling src/om_tutorial/core.cljs
[32mSuccessfully compiled "resources/public/js/main.js" in 0.297 seconds.[0m
notifying browser that file changed:  /om_tutorial/core.js
[0mCompiling "resources/public/js/main.js" from ["src"]...
Compiling src/om_tutorial/core.cljs
[32mSuccessfully compiled "resources/public/js/main.js" in 0.291 seconds.[0m
notifying browser that file changed:  /om_tutorial/core.js
